<?xml version="1.0" encoding="UTF-8"?>
<coverage generated="1580507045954" clover="3.2.0">
  <project timestamp="1580507045954" name="All files">
    <metrics statements="68" coveredstatements="67" conditionals="73" coveredconditionals="71" methods="11" coveredmethods="11" elements="152" coveredelements="149" complexity="0" loc="68" ncloc="68" packages="1" files="4" classes="4"/>
    <file name="getPathCharType.js" path="G:\code_paradise\git\pathParser\src\getPathCharType.js">
      <metrics statements="10" coveredstatements="10" conditionals="28" coveredconditionals="28" methods="1" coveredmethods="1"/>
      <line num="7" count="228" type="cond" truecount="2" falsecount="0"/>
      <line num="9" count="205" type="stmt"/>
      <line num="11" count="205" type="cond" truecount="16" falsecount="0"/>
      <line num="18" count="70" type="stmt"/>
      <line num="22" count="3" type="stmt"/>
      <line num="32" count="25" type="stmt"/>
      <line num="36" count="107" type="cond" truecount="6" falsecount="0"/>
      <line num="37" count="79" type="stmt"/>
      <line num="40" count="28" type="cond" truecount="4" falsecount="0"/>
      <line num="42" count="3" type="stmt"/>
    </file>
    <file name="index.js" path="G:\code_paradise\git\pathParser\src\index.js">
      <metrics statements="43" coveredstatements="42" conditionals="37" coveredconditionals="35" methods="6" coveredmethods="6"/>
      <line num="12" count="35" type="stmt"/>
      <line num="13" count="35" type="stmt"/>
      <line num="21" count="35" type="stmt"/>
      <line num="23" count="35" type="stmt"/>
      <line num="25" count="44" type="cond" truecount="2" falsecount="0"/>
      <line num="27" count="43" type="stmt"/>
      <line num="28" count="43" type="stmt"/>
      <line num="32" count="124" type="cond" truecount="2" falsecount="0"/>
      <line num="33" count="71" type="stmt"/>
      <line num="38" count="3" type="cond" truecount="1" falsecount="1"/>
      <line num="40" count="3" type="stmt"/>
      <line num="42" count="3" type="cond" truecount="6" falsecount="0"/>
      <line num="45" count="2" type="stmt"/>
      <line num="47" count="2" type="stmt"/>
      <line num="49" count="2" type="stmt"/>
      <line num="50" count="2" type="stmt"/>
      <line num="53" count="1" type="stmt"/>
      <line num="56" count="35" type="stmt"/>
      <line num="57" count="230" type="stmt"/>
      <line num="59" count="230" type="stmt"/>
      <line num="63" count="230" type="cond" truecount="4" falsecount="0"/>
      <line num="64" count="2" type="stmt"/>
      <line num="67" count="228" type="stmt"/>
      <line num="68" count="228" type="stmt"/>
      <line num="69" count="228" type="cond" truecount="3" falsecount="0"/>
      <line num="71" count="228" type="cond" truecount="2" falsecount="0"/>
      <line num="72" count="17" type="stmt"/>
      <line num="75" count="211" type="stmt"/>
      <line num="76" count="211" type="cond" truecount="2" falsecount="0"/>
      <line num="77" count="211" type="cond" truecount="2" falsecount="0"/>
      <line num="78" count="211" type="stmt"/>
      <line num="80" count="211" type="cond" truecount="2" falsecount="0"/>
      <line num="81" count="18" type="stmt"/>
      <line num="85" count="0" type="stmt"/>
      <line num="89" count="1" type="stmt"/>
      <line num="92" count="41" type="cond" truecount="2" falsecount="0"/>
      <line num="93" count="39" type="cond" truecount="4" falsecount="0"/>
      <line num="96" count="37" type="stmt"/>
      <line num="97" count="37" type="cond" truecount="2" falsecount="0"/>
      <line num="99" count="35" type="cond" truecount="1" falsecount="1"/>
      <line num="100" count="35" type="stmt"/>
      <line num="101" count="35" type="stmt"/>
      <line num="104" count="35" type="stmt"/>
    </file>
    <file name="pathStateMachine.js" path="G:\code_paradise\git\pathParser\src\pathStateMachine.js">
      <metrics statements="0" coveredstatements="0" conditionals="0" coveredconditionals="0" methods="0" coveredmethods="0"/>
    </file>
    <file name="toString.js" path="G:\code_paradise\git\pathParser\src\toString.js">
      <metrics statements="15" coveredstatements="15" conditionals="8" coveredconditionals="8" methods="4" coveredmethods="4"/>
      <line num="1" count="1" type="stmt"/>
      <line num="2" count="1" type="stmt"/>
      <line num="3" count="1" type="stmt"/>
      <line num="6" count="38" type="stmt"/>
      <line num="10" count="12" type="cond" truecount="2" falsecount="0"/>
      <line num="14" count="12" type="cond" truecount="2" falsecount="0"/>
      <line num="15" count="8" type="stmt"/>
      <line num="17" count="4" type="stmt"/>
      <line num="22" count="24" type="stmt"/>
      <line num="23" count="24" type="stmt"/>
      <line num="24" count="38" type="stmt"/>
      <line num="25" count="38" type="cond" truecount="2" falsecount="0"/>
      <line num="26" count="26" type="cond" truecount="2" falsecount="0"/>
      <line num="28" count="12" type="stmt"/>
      <line num="32" count="24" type="stmt"/>
    </file>
  </project>
</coverage>
