<?xml version="1.0" encoding="UTF-8"?>
<coverage generated="1580513230256" clover="3.2.0">
  <project timestamp="1580513230256" name="All files">
    <metrics statements="68" coveredstatements="67" conditionals="73" coveredconditionals="72" methods="11" coveredmethods="11" elements="152" coveredelements="150" complexity="0" loc="68" ncloc="68" packages="1" files="4" classes="4"/>
    <file name="getPathCharType.js" path="G:\code_paradise\git\pathParser\src\getPathCharType.js">
      <metrics statements="10" coveredstatements="10" conditionals="28" coveredconditionals="28" methods="1" coveredmethods="1"/>
      <line num="7" count="230" type="cond" truecount="2" falsecount="0"/>
      <line num="9" count="207" type="stmt"/>
      <line num="11" count="207" type="cond" truecount="16" falsecount="0"/>
      <line num="18" count="71" type="stmt"/>
      <line num="22" count="3" type="stmt"/>
      <line num="32" count="25" type="stmt"/>
      <line num="36" count="108" type="cond" truecount="6" falsecount="0"/>
      <line num="37" count="80" type="stmt"/>
      <line num="40" count="28" type="cond" truecount="4" falsecount="0"/>
      <line num="42" count="3" type="stmt"/>
    </file>
    <file name="index.js" path="G:\code_paradise\git\pathParser\src\index.js">
      <metrics statements="9" coveredstatements="9" conditionals="10" coveredconditionals="10" methods="1" coveredmethods="1"/>
      <line num="9" count="1" type="stmt"/>
      <line num="12" count="43" type="cond" truecount="2" falsecount="0"/>
      <line num="13" count="41" type="cond" truecount="4" falsecount="0"/>
      <line num="16" count="39" type="stmt"/>
      <line num="17" count="39" type="cond" truecount="2" falsecount="0"/>
      <line num="19" count="37" type="cond" truecount="2" falsecount="0"/>
      <line num="20" count="36" type="stmt"/>
      <line num="21" count="36" type="stmt"/>
      <line num="24" count="37" type="stmt"/>
    </file>
    <file name="parsePath.js" path="G:\code_paradise\git\pathParser\src\parsePath.js">
      <metrics statements="34" coveredstatements="33" conditionals="27" coveredconditionals="26" methods="5" coveredmethods="5"/>
      <line num="7" count="36" type="stmt"/>
      <line num="8" count="36" type="stmt"/>
      <line num="16" count="36" type="stmt"/>
      <line num="18" count="36" type="stmt"/>
      <line num="20" count="44" type="cond" truecount="2" falsecount="0"/>
      <line num="22" count="43" type="stmt"/>
      <line num="23" count="43" type="stmt"/>
      <line num="27" count="125" type="cond" truecount="2" falsecount="0"/>
      <line num="28" count="71" type="stmt"/>
      <line num="33" count="3" type="cond" truecount="1" falsecount="1"/>
      <line num="35" count="3" type="stmt"/>
      <line num="37" count="3" type="cond" truecount="6" falsecount="0"/>
      <line num="40" count="2" type="stmt"/>
      <line num="42" count="2" type="stmt"/>
      <line num="44" count="2" type="stmt"/>
      <line num="45" count="2" type="stmt"/>
      <line num="48" count="1" type="stmt"/>
      <line num="51" count="36" type="stmt"/>
      <line num="52" count="232" type="stmt"/>
      <line num="54" count="232" type="stmt"/>
      <line num="58" count="232" type="cond" truecount="4" falsecount="0"/>
      <line num="59" count="2" type="stmt"/>
      <line num="62" count="230" type="stmt"/>
      <line num="63" count="230" type="stmt"/>
      <line num="64" count="230" type="cond" truecount="3" falsecount="0"/>
      <line num="66" count="230" type="cond" truecount="2" falsecount="0"/>
      <line num="67" count="18" type="stmt"/>
      <line num="70" count="212" type="stmt"/>
      <line num="71" count="212" type="cond" truecount="2" falsecount="0"/>
      <line num="72" count="212" type="cond" truecount="2" falsecount="0"/>
      <line num="73" count="212" type="stmt"/>
      <line num="75" count="212" type="cond" truecount="2" falsecount="0"/>
      <line num="76" count="18" type="stmt"/>
      <line num="80" count="0" type="stmt"/>
    </file>
    <file name="toString.js" path="G:\code_paradise\git\pathParser\src\toString.js">
      <metrics statements="15" coveredstatements="15" conditionals="8" coveredconditionals="8" methods="4" coveredmethods="4"/>
      <line num="1" count="1" type="stmt"/>
      <line num="2" count="1" type="stmt"/>
      <line num="3" count="1" type="stmt"/>
      <line num="6" count="39" type="stmt"/>
      <line num="10" count="12" type="cond" truecount="2" falsecount="0"/>
      <line num="14" count="12" type="cond" truecount="2" falsecount="0"/>
      <line num="15" count="8" type="stmt"/>
      <line num="17" count="4" type="stmt"/>
      <line num="27" count="25" type="stmt"/>
      <line num="28" count="25" type="stmt"/>
      <line num="29" count="39" type="stmt"/>
      <line num="30" count="39" type="cond" truecount="2" falsecount="0"/>
      <line num="31" count="27" type="cond" truecount="2" falsecount="0"/>
      <line num="33" count="12" type="stmt"/>
      <line num="37" count="25" type="stmt"/>
    </file>
  </project>
</coverage>
