{"G:\\code_paradise\\git\\pathParser\\src\\getPathCharType.js": {"path":"G:\\code_paradise\\git\\pathParser\\src\\getPathCharType.js","statementMap":{"0":{"start":{"line":7,"column":2},"end":{"line":7,"column":39}},"1":{"start":{"line":7,"column":26},"end":{"line":7,"column":39}},"2":{"start":{"line":9,"column":13},"end":{"line":9,"column":31}},"3":{"start":{"line":11,"column":2},"end":{"line":33,"column":3}},"4":{"start":{"line":18,"column":6},"end":{"line":18,"column":18}},"5":{"start":{"line":22,"column":6},"end":{"line":22,"column":21}},"6":{"start":{"line":32,"column":6},"end":{"line":32,"column":18}},"7":{"start":{"line":36,"column":2},"end":{"line":37,"column":19}},"8":{"start":{"line":37,"column":4},"end":{"line":37,"column":19}},"9":{"start":{"line":40,"column":2},"end":{"line":40,"column":52}},"10":{"start":{"line":40,"column":36},"end":{"line":40,"column":52}},"11":{"start":{"line":42,"column":2},"end":{"line":42,"column":16}}},"fnMap":{"0":{"name":"getPathCharType","decl":{"start":{"line":6,"column":9},"end":{"line":6,"column":24}},"loc":{"start":{"line":6,"column":31},"end":{"line":43,"column":1}},"line":6}},"branchMap":{"0":{"loc":{"start":{"line":7,"column":2},"end":{"line":7,"column":39}},"type":"if","locations":[{"start":{"line":7,"column":2},"end":{"line":7,"column":39}},{"start":{"line":7,"column":2},"end":{"line":7,"column":39}}],"line":7},"1":{"loc":{"start":{"line":11,"column":2},"end":{"line":33,"column":3}},"type":"switch","locations":[{"start":{"line":12,"column":4},"end":{"line":12,"column":14}},{"start":{"line":13,"column":4},"end":{"line":13,"column":14}},{"start":{"line":14,"column":4},"end":{"line":14,"column":14}},{"start":{"line":15,"column":4},"end":{"line":15,"column":14}},{"start":{"line":16,"column":4},"end":{"line":16,"column":14}},{"start":{"line":17,"column":4},"end":{"line":18,"column":18}},{"start":{"line":20,"column":4},"end":{"line":20,"column":14}},{"start":{"line":21,"column":4},"end":{"line":22,"column":21}},{"start":{"line":24,"column":4},"end":{"line":24,"column":14}},{"start":{"line":25,"column":4},"end":{"line":25,"column":14}},{"start":{"line":26,"column":4},"end":{"line":26,"column":14}},{"start":{"line":27,"column":4},"end":{"line":27,"column":14}},{"start":{"line":28,"column":4},"end":{"line":28,"column":14}},{"start":{"line":29,"column":4},"end":{"line":29,"column":16}},{"start":{"line":30,"column":4},"end":{"line":30,"column":16}},{"start":{"line":31,"column":4},"end":{"line":32,"column":18}}],"line":11},"2":{"loc":{"start":{"line":36,"column":2},"end":{"line":37,"column":19}},"type":"if","locations":[{"start":{"line":36,"column":2},"end":{"line":37,"column":19}},{"start":{"line":36,"column":2},"end":{"line":37,"column":19}}],"line":36},"3":{"loc":{"start":{"line":36,"column":6},"end":{"line":36,"column":70}},"type":"binary-expr","locations":[{"start":{"line":36,"column":7},"end":{"line":36,"column":19}},{"start":{"line":36,"column":23},"end":{"line":36,"column":35}},{"start":{"line":36,"column":41},"end":{"line":36,"column":53}},{"start":{"line":36,"column":57},"end":{"line":36,"column":69}}],"line":36},"4":{"loc":{"start":{"line":40,"column":2},"end":{"line":40,"column":52}},"type":"if","locations":[{"start":{"line":40,"column":2},"end":{"line":40,"column":52}},{"start":{"line":40,"column":2},"end":{"line":40,"column":52}}],"line":40},"5":{"loc":{"start":{"line":40,"column":6},"end":{"line":40,"column":34}},"type":"binary-expr","locations":[{"start":{"line":40,"column":6},"end":{"line":40,"column":18}},{"start":{"line":40,"column":22},"end":{"line":40,"column":34}}],"line":40}},"s":{"0":228,"1":23,"2":205,"3":205,"4":70,"5":3,"6":25,"7":107,"8":79,"9":28,"10":25,"11":3},"f":{"0":228},"b":{"0":[23,205],"1":[21,36,48,54,59,70,1,3,25,25,25,25,25,25,25,25],"2":[79,28],"3":[107,79,28,1],"4":[25,3],"5":[28,26]},"_coverageSchema":"1a1c01bbd47fc00a2c39e90264f33305004495a9","hash":"8f4efa280b550cb9c8671340c1f9be3243119936"}
,"G:\\code_paradise\\git\\pathParser\\src\\index.js": {"path":"G:\\code_paradise\\git\\pathParser\\src\\index.js","statementMap":{"0":{"start":{"line":12,"column":13},"end":{"line":12,"column":15}},"1":{"start":{"line":13,"column":14},"end":{"line":13,"column":16}},"2":{"start":{"line":21,"column":11},"end":{"line":21,"column":23}},"3":{"start":{"line":23,"column":16},"end":{"line":35,"column":3}},"4":{"start":{"line":25,"column":6},"end":{"line":25,"column":35}},"5":{"start":{"line":25,"column":29},"end":{"line":25,"column":35}},"6":{"start":{"line":27,"column":6},"end":{"line":27,"column":20}},"7":{"start":{"line":28,"column":6},"end":{"line":28,"column":21}},"8":{"start":{"line":32,"column":6},"end":{"line":33,"column":25}},"9":{"start":{"line":32,"column":29},"end":{"line":32,"column":42}},"10":{"start":{"line":33,"column":11},"end":{"line":33,"column":25}},"11":{"start":{"line":38,"column":4},"end":{"line":38,"column":46}},"12":{"start":{"line":38,"column":34},"end":{"line":38,"column":46}},"13":{"start":{"line":40,"column":21},"end":{"line":40,"column":36}},"14":{"start":{"line":42,"column":4},"end":{"line":51,"column":5}},"15":{"start":{"line":45,"column":6},"end":{"line":45,"column":13}},"16":{"start":{"line":47,"column":6},"end":{"line":47,"column":24}},"17":{"start":{"line":49,"column":6},"end":{"line":49,"column":22}},"18":{"start":{"line":50,"column":6},"end":{"line":50,"column":17}},"19":{"start":{"line":53,"column":4},"end":{"line":53,"column":16}},"20":{"start":{"line":56,"column":2},"end":{"line":83,"column":3}},"21":{"start":{"line":57,"column":4},"end":{"line":57,"column":11}},"22":{"start":{"line":59,"column":4},"end":{"line":59,"column":19}},"23":{"start":{"line":63,"column":4},"end":{"line":65,"column":5}},"24":{"start":{"line":64,"column":6},"end":{"line":64,"column":14}},"25":{"start":{"line":67,"column":4},"end":{"line":67,"column":29}},"26":{"start":{"line":68,"column":4},"end":{"line":68,"column":36}},"27":{"start":{"line":69,"column":4},"end":{"line":69,"column":60}},"28":{"start":{"line":71,"column":4},"end":{"line":73,"column":5}},"29":{"start":{"line":72,"column":6},"end":{"line":72,"column":17}},"30":{"start":{"line":75,"column":4},"end":{"line":75,"column":24}},"31":{"start":{"line":76,"column":4},"end":{"line":76,"column":43}},"32":{"start":{"line":77,"column":4},"end":{"line":77,"column":61}},"33":{"start":{"line":78,"column":4},"end":{"line":78,"column":12}},"34":{"start":{"line":80,"column":4},"end":{"line":82,"column":5}},"35":{"start":{"line":81,"column":6},"end":{"line":81,"column":17}},"36":{"start":{"line":85,"column":2},"end":{"line":85,"column":13}},"37":{"start":{"line":89,"column":14},"end":{"line":89,"column":23}},"38":{"start":{"line":92,"column":2},"end":{"line":92,"column":76}},"39":{"start":{"line":92,"column":65},"end":{"line":92,"column":76}},"40":{"start":{"line":93,"column":2},"end":{"line":93,"column":52}},"41":{"start":{"line":93,"column":43},"end":{"line":93,"column":52}},"42":{"start":{"line":96,"column":2},"end":{"line":96,"column":21}},"43":{"start":{"line":97,"column":2},"end":{"line":97,"column":41}},"44":{"start":{"line":97,"column":32},"end":{"line":97,"column":41}},"45":{"start":{"line":99,"column":2},"end":{"line":102,"column":3}},"46":{"start":{"line":100,"column":18},"end":{"line":100,"column":33}},"47":{"start":{"line":101,"column":4},"end":{"line":101,"column":26}},"48":{"start":{"line":104,"column":2},"end":{"line":104,"column":24}}},"fnMap":{"0":{"name":"noop","decl":{"start":{"line":9,"column":9},"end":{"line":9,"column":13}},"loc":{"start":{"line":9,"column":16},"end":{"line":9,"column":18}},"line":9},"1":{"name":"parsePath","decl":{"start":{"line":11,"column":9},"end":{"line":11,"column":18}},"loc":{"start":{"line":11,"column":25},"end":{"line":86,"column":1}},"line":11},"2":{"name":"(anonymous_2)","decl":{"start":{"line":24,"column":10},"end":{"line":24,"column":11}},"loc":{"start":{"line":24,"column":21},"end":{"line":29,"column":5}},"line":24},"3":{"name":"(anonymous_3)","decl":{"start":{"line":31,"column":12},"end":{"line":31,"column":13}},"loc":{"start":{"line":31,"column":23},"end":{"line":34,"column":5}},"line":31},"4":{"name":"maybeUnescapeQuote","decl":{"start":{"line":37,"column":11},"end":{"line":37,"column":29}},"loc":{"start":{"line":37,"column":32},"end":{"line":54,"column":3}},"line":37},"5":{"name":"parsePathWithCache","decl":{"start":{"line":91,"column":9},"end":{"line":91,"column":27}},"loc":{"start":{"line":91,"column":34},"end":{"line":105,"column":1}},"line":91}},"branchMap":{"0":{"loc":{"start":{"line":25,"column":6},"end":{"line":25,"column":35}},"type":"if","locations":[{"start":{"line":25,"column":6},"end":{"line":25,"column":35}},{"start":{"line":25,"column":6},"end":{"line":25,"column":35}}],"line":25},"1":{"loc":{"start":{"line":32,"column":6},"end":{"line":33,"column":25}},"type":"if","locations":[{"start":{"line":32,"column":6},"end":{"line":33,"column":25}},{"start":{"line":32,"column":6},"end":{"line":33,"column":25}}],"line":32},"2":{"loc":{"start":{"line":38,"column":4},"end":{"line":38,"column":46}},"type":"if","locations":[{"start":{"line":38,"column":4},"end":{"line":38,"column":46}},{"start":{"line":38,"column":4},"end":{"line":38,"column":46}}],"line":38},"3":{"loc":{"start":{"line":42,"column":4},"end":{"line":51,"column":5}},"type":"if","locations":[{"start":{"line":42,"column":4},"end":{"line":51,"column":5}},{"start":{"line":42,"column":4},"end":{"line":51,"column":5}}],"line":42},"4":{"loc":{"start":{"line":42,"column":8},"end":{"line":43,"column":52}},"type":"binary-expr","locations":[{"start":{"line":42,"column":9},"end":{"line":42,"column":32}},{"start":{"line":42,"column":36},"end":{"line":42,"column":51}},{"start":{"line":43,"column":9},"end":{"line":43,"column":32}},{"start":{"line":43,"column":36},"end":{"line":43,"column":51}}],"line":42},"5":{"loc":{"start":{"line":63,"column":4},"end":{"line":65,"column":5}},"type":"if","locations":[{"start":{"line":63,"column":4},"end":{"line":65,"column":5}},{"start":{"line":63,"column":4},"end":{"line":65,"column":5}}],"line":63},"6":{"loc":{"start":{"line":63,"column":8},"end":{"line":63,"column":45}},"type":"binary-expr","locations":[{"start":{"line":63,"column":8},"end":{"line":63,"column":17}},{"start":{"line":63,"column":21},"end":{"line":63,"column":45}}],"line":63},"7":{"loc":{"start":{"line":69,"column":17},"end":{"line":69,"column":60}},"type":"binary-expr","locations":[{"start":{"line":69,"column":17},"end":{"line":69,"column":30}},{"start":{"line":69,"column":34},"end":{"line":69,"column":49}},{"start":{"line":69,"column":53},"end":{"line":69,"column":60}}],"line":69},"8":{"loc":{"start":{"line":71,"column":4},"end":{"line":73,"column":5}},"type":"if","locations":[{"start":{"line":71,"column":4},"end":{"line":73,"column":5}},{"start":{"line":71,"column":4},"end":{"line":73,"column":5}}],"line":71},"9":{"loc":{"start":{"line":76,"column":13},"end":{"line":76,"column":43}},"type":"binary-expr","locations":[{"start":{"line":76,"column":13},"end":{"line":76,"column":35}},{"start":{"line":76,"column":39},"end":{"line":76,"column":43}}],"line":76},"10":{"loc":{"start":{"line":77,"column":14},"end":{"line":77,"column":61}},"type":"cond-expr","locations":[{"start":{"line":77,"column":44},"end":{"line":77,"column":45}},{"start":{"line":77,"column":48},"end":{"line":77,"column":61}}],"line":77},"11":{"loc":{"start":{"line":80,"column":4},"end":{"line":82,"column":5}},"type":"if","locations":[{"start":{"line":80,"column":4},"end":{"line":82,"column":5}},{"start":{"line":80,"column":4},"end":{"line":82,"column":5}}],"line":80},"12":{"loc":{"start":{"line":92,"column":2},"end":{"line":92,"column":76}},"type":"if","locations":[{"start":{"line":92,"column":2},"end":{"line":92,"column":76}},{"start":{"line":92,"column":2},"end":{"line":92,"column":76}}],"line":92},"13":{"loc":{"start":{"line":93,"column":2},"end":{"line":93,"column":52}},"type":"if","locations":[{"start":{"line":93,"column":2},"end":{"line":93,"column":52}},{"start":{"line":93,"column":2},"end":{"line":93,"column":52}}],"line":93},"14":{"loc":{"start":{"line":93,"column":6},"end":{"line":93,"column":41}},"type":"binary-expr","locations":[{"start":{"line":93,"column":6},"end":{"line":93,"column":19}},{"start":{"line":93,"column":23},"end":{"line":93,"column":41}}],"line":93},"15":{"loc":{"start":{"line":97,"column":2},"end":{"line":97,"column":41}},"type":"if","locations":[{"start":{"line":97,"column":2},"end":{"line":97,"column":41}},{"start":{"line":97,"column":2},"end":{"line":97,"column":41}}],"line":97},"16":{"loc":{"start":{"line":99,"column":2},"end":{"line":102,"column":3}},"type":"if","locations":[{"start":{"line":99,"column":2},"end":{"line":102,"column":3}},{"start":{"line":99,"column":2},"end":{"line":102,"column":3}}],"line":99}},"s":{"0":35,"1":35,"2":35,"3":35,"4":44,"5":1,"6":43,"7":43,"8":124,"9":53,"10":71,"11":3,"12":0,"13":3,"14":3,"15":2,"16":2,"17":2,"18":2,"19":1,"20":35,"21":230,"22":230,"23":230,"24":2,"25":228,"26":228,"27":228,"28":228,"29":17,"30":211,"31":211,"32":211,"33":211,"34":211,"35":18,"36":0,"37":1,"38":41,"39":2,"40":39,"41":2,"42":37,"43":37,"44":2,"45":35,"46":35,"47":35,"48":35},"f":{"0":45,"1":35,"2":44,"3":124,"4":3,"5":41},"b":{"0":[1,43],"1":[53,71],"2":[0,3],"3":[2,1],"4":[3,2,2,1],"5":[2,228],"6":[230,3],"7":[228,38,14],"8":[17,211],"9":[211,45],"10":[204,7],"11":[18,193],"12":[2,39],"13":[2,37],"14":[39,38],"15":[2,35],"16":[35,0]},"_coverageSchema":"1a1c01bbd47fc00a2c39e90264f33305004495a9","hash":"04201347fadbb55c8e6fc4969af38f8461bac471"}
,"G:\\code_paradise\\git\\pathParser\\src\\pathStateMachine.js": {"path":"G:\\code_paradise\\git\\pathParser\\src\\pathStateMachine.js","statementMap":{},"fnMap":{},"branchMap":{},"s":{},"f":{},"b":{},"_coverageSchema":"1a1c01bbd47fc00a2c39e90264f33305004495a9","hash":"3092158ac25a80e08ae2255f198bfa183a926347"}
,"G:\\code_paradise\\git\\pathParser\\src\\toString.js": {"path":"G:\\code_paradise\\git\\pathParser\\src\\toString.js","statementMap":{"0":{"start":{"line":1,"column":19},"end":{"line":1,"column":32}},"1":{"start":{"line":2,"column":18},"end":{"line":2,"column":34}},"2":{"start":{"line":3,"column":20},"end":{"line":3,"column":78}},"3":{"start":{"line":6,"column":2},"end":{"line":6,"column":28}},"4":{"start":{"line":10,"column":2},"end":{"line":10,"column":35}},"5":{"start":{"line":14,"column":2},"end":{"line":18,"column":3}},"6":{"start":{"line":15,"column":4},"end":{"line":15,"column":26}},"7":{"start":{"line":17,"column":4},"end":{"line":17,"column":49}},"8":{"start":{"line":22,"column":19},"end":{"line":22,"column":21}},"9":{"start":{"line":23,"column":2},"end":{"line":30,"column":3}},"10":{"start":{"line":23,"column":15},"end":{"line":23,"column":16}},"11":{"start":{"line":24,"column":16},"end":{"line":24,"column":24}},"12":{"start":{"line":25,"column":4},"end":{"line":29,"column":5}},"13":{"start":{"line":26,"column":6},"end":{"line":26,"column":39}},"14":{"start":{"line":28,"column":6},"end":{"line":28,"column":39}},"15":{"start":{"line":32,"column":2},"end":{"line":32,"column":19}}},"fnMap":{"0":{"name":"isIdent","decl":{"start":{"line":5,"column":9},"end":{"line":5,"column":16}},"loc":{"start":{"line":5,"column":20},"end":{"line":7,"column":1}},"line":5},"1":{"name":"isIndex","decl":{"start":{"line":9,"column":9},"end":{"line":9,"column":16}},"loc":{"start":{"line":9,"column":20},"end":{"line":11,"column":1}},"line":9},"2":{"name":"formatAccessor","decl":{"start":{"line":13,"column":9},"end":{"line":13,"column":23}},"loc":{"start":{"line":13,"column":29},"end":{"line":19,"column":1}},"line":13},"3":{"name":"toString","decl":{"start":{"line":21,"column":24},"end":{"line":21,"column":32}},"loc":{"start":{"line":21,"column":40},"end":{"line":33,"column":1}},"line":21}},"branchMap":{"0":{"loc":{"start":{"line":10,"column":9},"end":{"line":10,"column":35}},"type":"binary-expr","locations":[{"start":{"line":10,"column":9},"end":{"line":10,"column":23}},{"start":{"line":10,"column":27},"end":{"line":10,"column":35}}],"line":10},"1":{"loc":{"start":{"line":14,"column":2},"end":{"line":18,"column":3}},"type":"if","locations":[{"start":{"line":14,"column":2},"end":{"line":18,"column":3}},{"start":{"line":14,"column":2},"end":{"line":18,"column":3}}],"line":14},"2":{"loc":{"start":{"line":25,"column":4},"end":{"line":29,"column":5}},"type":"if","locations":[{"start":{"line":25,"column":4},"end":{"line":29,"column":5}},{"start":{"line":25,"column":4},"end":{"line":29,"column":5}}],"line":25},"3":{"loc":{"start":{"line":26,"column":20},"end":{"line":26,"column":39}},"type":"cond-expr","locations":[{"start":{"line":26,"column":24},"end":{"line":26,"column":33}},{"start":{"line":26,"column":36},"end":{"line":26,"column":39}}],"line":26}},"s":{"0":1,"1":1,"2":1,"3":38,"4":12,"5":12,"6":8,"7":4,"8":24,"9":24,"10":24,"11":38,"12":38,"13":26,"14":12,"15":24},"f":{"0":38,"1":12,"2":12,"3":24},"b":{"0":[12,9],"1":[8,4],"2":[26,12],"3":[9,17]},"_coverageSchema":"1a1c01bbd47fc00a2c39e90264f33305004495a9","hash":"69e939b217843d6f4c2a0d51aa4f444f29f2ddb1"}
}
