{"G:\\code_paradise\\git\\pathParser\\src\\getPathCharType.js": {"path":"G:\\code_paradise\\git\\pathParser\\src\\getPathCharType.js","statementMap":{"0":{"start":{"line":7,"column":2},"end":{"line":7,"column":39}},"1":{"start":{"line":7,"column":26},"end":{"line":7,"column":39}},"2":{"start":{"line":9,"column":13},"end":{"line":9,"column":31}},"3":{"start":{"line":11,"column":2},"end":{"line":33,"column":3}},"4":{"start":{"line":18,"column":6},"end":{"line":18,"column":18}},"5":{"start":{"line":22,"column":6},"end":{"line":22,"column":21}},"6":{"start":{"line":32,"column":6},"end":{"line":32,"column":18}},"7":{"start":{"line":36,"column":2},"end":{"line":37,"column":19}},"8":{"start":{"line":37,"column":4},"end":{"line":37,"column":19}},"9":{"start":{"line":40,"column":2},"end":{"line":40,"column":52}},"10":{"start":{"line":40,"column":36},"end":{"line":40,"column":52}},"11":{"start":{"line":42,"column":2},"end":{"line":42,"column":16}}},"fnMap":{"0":{"name":"getPathCharType","decl":{"start":{"line":6,"column":9},"end":{"line":6,"column":24}},"loc":{"start":{"line":6,"column":31},"end":{"line":43,"column":1}},"line":6}},"branchMap":{"0":{"loc":{"start":{"line":7,"column":2},"end":{"line":7,"column":39}},"type":"if","locations":[{"start":{"line":7,"column":2},"end":{"line":7,"column":39}},{"start":{"line":7,"column":2},"end":{"line":7,"column":39}}],"line":7},"1":{"loc":{"start":{"line":11,"column":2},"end":{"line":33,"column":3}},"type":"switch","locations":[{"start":{"line":12,"column":4},"end":{"line":12,"column":14}},{"start":{"line":13,"column":4},"end":{"line":13,"column":14}},{"start":{"line":14,"column":4},"end":{"line":14,"column":14}},{"start":{"line":15,"column":4},"end":{"line":15,"column":14}},{"start":{"line":16,"column":4},"end":{"line":16,"column":14}},{"start":{"line":17,"column":4},"end":{"line":18,"column":18}},{"start":{"line":20,"column":4},"end":{"line":20,"column":14}},{"start":{"line":21,"column":4},"end":{"line":22,"column":21}},{"start":{"line":24,"column":4},"end":{"line":24,"column":14}},{"start":{"line":25,"column":4},"end":{"line":25,"column":14}},{"start":{"line":26,"column":4},"end":{"line":26,"column":14}},{"start":{"line":27,"column":4},"end":{"line":27,"column":14}},{"start":{"line":28,"column":4},"end":{"line":28,"column":14}},{"start":{"line":29,"column":4},"end":{"line":29,"column":16}},{"start":{"line":30,"column":4},"end":{"line":30,"column":16}},{"start":{"line":31,"column":4},"end":{"line":32,"column":18}}],"line":11},"2":{"loc":{"start":{"line":36,"column":2},"end":{"line":37,"column":19}},"type":"if","locations":[{"start":{"line":36,"column":2},"end":{"line":37,"column":19}},{"start":{"line":36,"column":2},"end":{"line":37,"column":19}}],"line":36},"3":{"loc":{"start":{"line":36,"column":6},"end":{"line":36,"column":70}},"type":"binary-expr","locations":[{"start":{"line":36,"column":7},"end":{"line":36,"column":19}},{"start":{"line":36,"column":23},"end":{"line":36,"column":35}},{"start":{"line":36,"column":41},"end":{"line":36,"column":53}},{"start":{"line":36,"column":57},"end":{"line":36,"column":69}}],"line":36},"4":{"loc":{"start":{"line":40,"column":2},"end":{"line":40,"column":52}},"type":"if","locations":[{"start":{"line":40,"column":2},"end":{"line":40,"column":52}},{"start":{"line":40,"column":2},"end":{"line":40,"column":52}}],"line":40},"5":{"loc":{"start":{"line":40,"column":6},"end":{"line":40,"column":34}},"type":"binary-expr","locations":[{"start":{"line":40,"column":6},"end":{"line":40,"column":18}},{"start":{"line":40,"column":22},"end":{"line":40,"column":34}}],"line":40}},"s":{"0":230,"1":23,"2":207,"3":207,"4":71,"5":3,"6":25,"7":108,"8":80,"9":28,"10":25,"11":3},"f":{"0":230},"b":{"0":[23,207],"1":[21,37,49,55,60,71,1,3,25,25,25,25,25,25,25,25],"2":[80,28],"3":[108,80,28,1],"4":[25,3],"5":[28,26]},"_coverageSchema":"1a1c01bbd47fc00a2c39e90264f33305004495a9","hash":"8f4efa280b550cb9c8671340c1f9be3243119936"}
,"G:\\code_paradise\\git\\pathParser\\src\\index.js": {"path":"G:\\code_paradise\\git\\pathParser\\src\\index.js","statementMap":{"0":{"start":{"line":9,"column":14},"end":{"line":9,"column":23}},"1":{"start":{"line":12,"column":2},"end":{"line":12,"column":76}},"2":{"start":{"line":12,"column":65},"end":{"line":12,"column":76}},"3":{"start":{"line":13,"column":2},"end":{"line":13,"column":52}},"4":{"start":{"line":13,"column":43},"end":{"line":13,"column":52}},"5":{"start":{"line":16,"column":2},"end":{"line":16,"column":21}},"6":{"start":{"line":17,"column":2},"end":{"line":17,"column":41}},"7":{"start":{"line":17,"column":32},"end":{"line":17,"column":41}},"8":{"start":{"line":19,"column":2},"end":{"line":22,"column":3}},"9":{"start":{"line":20,"column":18},"end":{"line":20,"column":33}},"10":{"start":{"line":21,"column":4},"end":{"line":21,"column":26}},"11":{"start":{"line":24,"column":2},"end":{"line":24,"column":24}}},"fnMap":{"0":{"name":"parsePathWithCache","decl":{"start":{"line":11,"column":9},"end":{"line":11,"column":27}},"loc":{"start":{"line":11,"column":34},"end":{"line":25,"column":1}},"line":11}},"branchMap":{"0":{"loc":{"start":{"line":12,"column":2},"end":{"line":12,"column":76}},"type":"if","locations":[{"start":{"line":12,"column":2},"end":{"line":12,"column":76}},{"start":{"line":12,"column":2},"end":{"line":12,"column":76}}],"line":12},"1":{"loc":{"start":{"line":13,"column":2},"end":{"line":13,"column":52}},"type":"if","locations":[{"start":{"line":13,"column":2},"end":{"line":13,"column":52}},{"start":{"line":13,"column":2},"end":{"line":13,"column":52}}],"line":13},"2":{"loc":{"start":{"line":13,"column":6},"end":{"line":13,"column":41}},"type":"binary-expr","locations":[{"start":{"line":13,"column":6},"end":{"line":13,"column":19}},{"start":{"line":13,"column":23},"end":{"line":13,"column":41}}],"line":13},"3":{"loc":{"start":{"line":17,"column":2},"end":{"line":17,"column":41}},"type":"if","locations":[{"start":{"line":17,"column":2},"end":{"line":17,"column":41}},{"start":{"line":17,"column":2},"end":{"line":17,"column":41}}],"line":17},"4":{"loc":{"start":{"line":19,"column":2},"end":{"line":22,"column":3}},"type":"if","locations":[{"start":{"line":19,"column":2},"end":{"line":22,"column":3}},{"start":{"line":19,"column":2},"end":{"line":22,"column":3}}],"line":19}},"s":{"0":1,"1":43,"2":2,"3":41,"4":2,"5":39,"6":39,"7":2,"8":37,"9":36,"10":36,"11":37},"f":{"0":43},"b":{"0":[2,41],"1":[2,39],"2":[41,40],"3":[2,37],"4":[36,1]},"_coverageSchema":"1a1c01bbd47fc00a2c39e90264f33305004495a9","hash":"83f1ffdaa445a70ef0670d437462912bb2be3d0e"}
,"G:\\code_paradise\\git\\pathParser\\src\\parsePath.js": {"path":"G:\\code_paradise\\git\\pathParser\\src\\parsePath.js","statementMap":{"0":{"start":{"line":7,"column":13},"end":{"line":7,"column":15}},"1":{"start":{"line":8,"column":14},"end":{"line":8,"column":16}},"2":{"start":{"line":16,"column":11},"end":{"line":16,"column":23}},"3":{"start":{"line":18,"column":16},"end":{"line":30,"column":3}},"4":{"start":{"line":20,"column":6},"end":{"line":20,"column":35}},"5":{"start":{"line":20,"column":29},"end":{"line":20,"column":35}},"6":{"start":{"line":22,"column":6},"end":{"line":22,"column":20}},"7":{"start":{"line":23,"column":6},"end":{"line":23,"column":21}},"8":{"start":{"line":27,"column":6},"end":{"line":28,"column":25}},"9":{"start":{"line":27,"column":29},"end":{"line":27,"column":42}},"10":{"start":{"line":28,"column":11},"end":{"line":28,"column":25}},"11":{"start":{"line":33,"column":4},"end":{"line":33,"column":46}},"12":{"start":{"line":33,"column":34},"end":{"line":33,"column":46}},"13":{"start":{"line":35,"column":21},"end":{"line":35,"column":36}},"14":{"start":{"line":37,"column":4},"end":{"line":46,"column":5}},"15":{"start":{"line":40,"column":6},"end":{"line":40,"column":13}},"16":{"start":{"line":42,"column":6},"end":{"line":42,"column":24}},"17":{"start":{"line":44,"column":6},"end":{"line":44,"column":22}},"18":{"start":{"line":45,"column":6},"end":{"line":45,"column":17}},"19":{"start":{"line":48,"column":4},"end":{"line":48,"column":16}},"20":{"start":{"line":51,"column":2},"end":{"line":78,"column":3}},"21":{"start":{"line":52,"column":4},"end":{"line":52,"column":11}},"22":{"start":{"line":54,"column":4},"end":{"line":54,"column":19}},"23":{"start":{"line":58,"column":4},"end":{"line":60,"column":5}},"24":{"start":{"line":59,"column":6},"end":{"line":59,"column":14}},"25":{"start":{"line":62,"column":4},"end":{"line":62,"column":29}},"26":{"start":{"line":63,"column":4},"end":{"line":63,"column":36}},"27":{"start":{"line":64,"column":4},"end":{"line":64,"column":60}},"28":{"start":{"line":66,"column":4},"end":{"line":68,"column":5}},"29":{"start":{"line":67,"column":6},"end":{"line":67,"column":17}},"30":{"start":{"line":70,"column":4},"end":{"line":70,"column":24}},"31":{"start":{"line":71,"column":4},"end":{"line":71,"column":43}},"32":{"start":{"line":72,"column":4},"end":{"line":72,"column":61}},"33":{"start":{"line":73,"column":4},"end":{"line":73,"column":12}},"34":{"start":{"line":75,"column":4},"end":{"line":77,"column":5}},"35":{"start":{"line":76,"column":6},"end":{"line":76,"column":17}},"36":{"start":{"line":80,"column":2},"end":{"line":80,"column":13}}},"fnMap":{"0":{"name":"noop","decl":{"start":{"line":4,"column":9},"end":{"line":4,"column":13}},"loc":{"start":{"line":4,"column":16},"end":{"line":4,"column":18}},"line":4},"1":{"name":"parsePath","decl":{"start":{"line":6,"column":9},"end":{"line":6,"column":18}},"loc":{"start":{"line":6,"column":25},"end":{"line":81,"column":1}},"line":6},"2":{"name":"(anonymous_2)","decl":{"start":{"line":19,"column":10},"end":{"line":19,"column":11}},"loc":{"start":{"line":19,"column":21},"end":{"line":24,"column":5}},"line":19},"3":{"name":"(anonymous_3)","decl":{"start":{"line":26,"column":12},"end":{"line":26,"column":13}},"loc":{"start":{"line":26,"column":23},"end":{"line":29,"column":5}},"line":26},"4":{"name":"maybeUnescapeQuote","decl":{"start":{"line":32,"column":11},"end":{"line":32,"column":29}},"loc":{"start":{"line":32,"column":32},"end":{"line":49,"column":3}},"line":32}},"branchMap":{"0":{"loc":{"start":{"line":20,"column":6},"end":{"line":20,"column":35}},"type":"if","locations":[{"start":{"line":20,"column":6},"end":{"line":20,"column":35}},{"start":{"line":20,"column":6},"end":{"line":20,"column":35}}],"line":20},"1":{"loc":{"start":{"line":27,"column":6},"end":{"line":28,"column":25}},"type":"if","locations":[{"start":{"line":27,"column":6},"end":{"line":28,"column":25}},{"start":{"line":27,"column":6},"end":{"line":28,"column":25}}],"line":27},"2":{"loc":{"start":{"line":33,"column":4},"end":{"line":33,"column":46}},"type":"if","locations":[{"start":{"line":33,"column":4},"end":{"line":33,"column":46}},{"start":{"line":33,"column":4},"end":{"line":33,"column":46}}],"line":33},"3":{"loc":{"start":{"line":37,"column":4},"end":{"line":46,"column":5}},"type":"if","locations":[{"start":{"line":37,"column":4},"end":{"line":46,"column":5}},{"start":{"line":37,"column":4},"end":{"line":46,"column":5}}],"line":37},"4":{"loc":{"start":{"line":37,"column":8},"end":{"line":38,"column":52}},"type":"binary-expr","locations":[{"start":{"line":37,"column":9},"end":{"line":37,"column":32}},{"start":{"line":37,"column":36},"end":{"line":37,"column":51}},{"start":{"line":38,"column":9},"end":{"line":38,"column":32}},{"start":{"line":38,"column":36},"end":{"line":38,"column":51}}],"line":37},"5":{"loc":{"start":{"line":58,"column":4},"end":{"line":60,"column":5}},"type":"if","locations":[{"start":{"line":58,"column":4},"end":{"line":60,"column":5}},{"start":{"line":58,"column":4},"end":{"line":60,"column":5}}],"line":58},"6":{"loc":{"start":{"line":58,"column":8},"end":{"line":58,"column":45}},"type":"binary-expr","locations":[{"start":{"line":58,"column":8},"end":{"line":58,"column":17}},{"start":{"line":58,"column":21},"end":{"line":58,"column":45}}],"line":58},"7":{"loc":{"start":{"line":64,"column":17},"end":{"line":64,"column":60}},"type":"binary-expr","locations":[{"start":{"line":64,"column":17},"end":{"line":64,"column":30}},{"start":{"line":64,"column":34},"end":{"line":64,"column":49}},{"start":{"line":64,"column":53},"end":{"line":64,"column":60}}],"line":64},"8":{"loc":{"start":{"line":66,"column":4},"end":{"line":68,"column":5}},"type":"if","locations":[{"start":{"line":66,"column":4},"end":{"line":68,"column":5}},{"start":{"line":66,"column":4},"end":{"line":68,"column":5}}],"line":66},"9":{"loc":{"start":{"line":71,"column":13},"end":{"line":71,"column":43}},"type":"binary-expr","locations":[{"start":{"line":71,"column":13},"end":{"line":71,"column":35}},{"start":{"line":71,"column":39},"end":{"line":71,"column":43}}],"line":71},"10":{"loc":{"start":{"line":72,"column":14},"end":{"line":72,"column":61}},"type":"cond-expr","locations":[{"start":{"line":72,"column":44},"end":{"line":72,"column":45}},{"start":{"line":72,"column":48},"end":{"line":72,"column":61}}],"line":72},"11":{"loc":{"start":{"line":75,"column":4},"end":{"line":77,"column":5}},"type":"if","locations":[{"start":{"line":75,"column":4},"end":{"line":77,"column":5}},{"start":{"line":75,"column":4},"end":{"line":77,"column":5}}],"line":75}},"s":{"0":36,"1":36,"2":36,"3":36,"4":44,"5":1,"6":43,"7":43,"8":125,"9":54,"10":71,"11":3,"12":0,"13":3,"14":3,"15":2,"16":2,"17":2,"18":2,"19":1,"20":36,"21":232,"22":232,"23":232,"24":2,"25":230,"26":230,"27":230,"28":230,"29":18,"30":212,"31":212,"32":212,"33":212,"34":212,"35":18,"36":0},"f":{"0":45,"1":36,"2":44,"3":125,"4":3},"b":{"0":[1,43],"1":[54,71],"2":[0,3],"3":[2,1],"4":[3,2,2,1],"5":[2,230],"6":[232,3],"7":[230,39,15],"8":[18,212],"9":[212,45],"10":[205,7],"11":[18,194]},"_coverageSchema":"1a1c01bbd47fc00a2c39e90264f33305004495a9","hash":"5e107c7df5a88af9e26e8da25ea055804d82e633"}
,"G:\\code_paradise\\git\\pathParser\\src\\toString.js": {"path":"G:\\code_paradise\\git\\pathParser\\src\\toString.js","statementMap":{"0":{"start":{"line":1,"column":19},"end":{"line":1,"column":32}},"1":{"start":{"line":2,"column":18},"end":{"line":2,"column":34}},"2":{"start":{"line":3,"column":20},"end":{"line":3,"column":78}},"3":{"start":{"line":6,"column":2},"end":{"line":6,"column":28}},"4":{"start":{"line":10,"column":2},"end":{"line":10,"column":35}},"5":{"start":{"line":14,"column":2},"end":{"line":18,"column":3}},"6":{"start":{"line":15,"column":4},"end":{"line":15,"column":26}},"7":{"start":{"line":17,"column":4},"end":{"line":17,"column":49}},"8":{"start":{"line":27,"column":19},"end":{"line":27,"column":21}},"9":{"start":{"line":28,"column":2},"end":{"line":35,"column":3}},"10":{"start":{"line":28,"column":15},"end":{"line":28,"column":16}},"11":{"start":{"line":29,"column":16},"end":{"line":29,"column":24}},"12":{"start":{"line":30,"column":4},"end":{"line":34,"column":5}},"13":{"start":{"line":31,"column":6},"end":{"line":31,"column":39}},"14":{"start":{"line":33,"column":6},"end":{"line":33,"column":39}},"15":{"start":{"line":37,"column":2},"end":{"line":37,"column":19}}},"fnMap":{"0":{"name":"isIdent","decl":{"start":{"line":5,"column":9},"end":{"line":5,"column":16}},"loc":{"start":{"line":5,"column":20},"end":{"line":7,"column":1}},"line":5},"1":{"name":"isIndex","decl":{"start":{"line":9,"column":9},"end":{"line":9,"column":16}},"loc":{"start":{"line":9,"column":20},"end":{"line":11,"column":1}},"line":9},"2":{"name":"formatAccessor","decl":{"start":{"line":13,"column":9},"end":{"line":13,"column":23}},"loc":{"start":{"line":13,"column":29},"end":{"line":19,"column":1}},"line":13},"3":{"name":"toString","decl":{"start":{"line":26,"column":24},"end":{"line":26,"column":32}},"loc":{"start":{"line":26,"column":40},"end":{"line":38,"column":1}},"line":26}},"branchMap":{"0":{"loc":{"start":{"line":10,"column":9},"end":{"line":10,"column":35}},"type":"binary-expr","locations":[{"start":{"line":10,"column":9},"end":{"line":10,"column":23}},{"start":{"line":10,"column":27},"end":{"line":10,"column":35}}],"line":10},"1":{"loc":{"start":{"line":14,"column":2},"end":{"line":18,"column":3}},"type":"if","locations":[{"start":{"line":14,"column":2},"end":{"line":18,"column":3}},{"start":{"line":14,"column":2},"end":{"line":18,"column":3}}],"line":14},"2":{"loc":{"start":{"line":30,"column":4},"end":{"line":34,"column":5}},"type":"if","locations":[{"start":{"line":30,"column":4},"end":{"line":34,"column":5}},{"start":{"line":30,"column":4},"end":{"line":34,"column":5}}],"line":30},"3":{"loc":{"start":{"line":31,"column":20},"end":{"line":31,"column":39}},"type":"cond-expr","locations":[{"start":{"line":31,"column":24},"end":{"line":31,"column":33}},{"start":{"line":31,"column":36},"end":{"line":31,"column":39}}],"line":31}},"s":{"0":1,"1":1,"2":1,"3":39,"4":12,"5":12,"6":8,"7":4,"8":25,"9":25,"10":25,"11":39,"12":39,"13":27,"14":12,"15":25},"f":{"0":39,"1":12,"2":12,"3":25},"b":{"0":[12,9],"1":[8,4],"2":[27,12],"3":[9,18]},"_coverageSchema":"1a1c01bbd47fc00a2c39e90264f33305004495a9","hash":"0cd28b6ced6b7908bae64c31ebd6f987a29a5f5e"}
}
