TN:
SF:src\getPathCharType.js
FN:6,getPathCharType
FNF:1
FNH:1
FNDA:230,getPathCharType
DA:7,230
DA:9,207
DA:11,207
DA:18,71
DA:22,3
DA:32,25
DA:36,108
DA:37,80
DA:40,28
DA:42,3
LF:10
LH:10
BRDA:7,0,0,23
BRDA:7,0,1,207
BRDA:11,1,0,21
BRDA:11,1,1,37
BRDA:11,1,2,49
BRDA:11,1,3,55
BRDA:11,1,4,60
BRDA:11,1,5,71
BRDA:11,1,6,1
BRDA:11,1,7,3
BRDA:11,1,8,25
BRDA:11,1,9,25
BRDA:11,1,10,25
BRDA:11,1,11,25
BRDA:11,1,12,25
BRDA:11,1,13,25
BRDA:11,1,14,25
BRDA:11,1,15,25
BRDA:36,2,0,80
BRDA:36,2,1,28
BRDA:36,3,0,108
BRDA:36,3,1,80
BRDA:36,3,2,28
BRDA:36,3,3,1
BRDA:40,4,0,25
BRDA:40,4,1,3
BRDA:40,5,0,28
BRDA:40,5,1,26
BRF:28
BRH:28
end_of_record
TN:
SF:src\index.js
FN:11,parsePathWithCache
FNF:1
FNH:1
FNDA:43,parsePathWithCache
DA:9,1
DA:12,43
DA:13,41
DA:16,39
DA:17,39
DA:19,37
DA:20,36
DA:21,36
DA:24,37
LF:9
LH:9
BRDA:12,0,0,2
BRDA:12,0,1,41
BRDA:13,1,0,2
BRDA:13,1,1,39
BRDA:13,2,0,41
BRDA:13,2,1,40
BRDA:17,3,0,2
BRDA:17,3,1,37
BRDA:19,4,0,36
BRDA:19,4,1,1
BRF:10
BRH:10
end_of_record
TN:
SF:src\parsePath.js
FN:4,noop
FN:6,parsePath
FN:19,(anonymous_2)
FN:26,(anonymous_3)
FN:32,maybeUnescapeQuote
FNF:5
FNH:5
FNDA:45,noop
FNDA:36,parsePath
FNDA:44,(anonymous_2)
FNDA:125,(anonymous_3)
FNDA:3,maybeUnescapeQuote
DA:7,36
DA:8,36
DA:16,36
DA:18,36
DA:20,44
DA:22,43
DA:23,43
DA:27,125
DA:28,71
DA:33,3
DA:35,3
DA:37,3
DA:40,2
DA:42,2
DA:44,2
DA:45,2
DA:48,1
DA:51,36
DA:52,232
DA:54,232
DA:58,232
DA:59,2
DA:62,230
DA:63,230
DA:64,230
DA:66,230
DA:67,18
DA:70,212
DA:71,212
DA:72,212
DA:73,212
DA:75,212
DA:76,18
DA:80,0
LF:34
LH:33
BRDA:20,0,0,1
BRDA:20,0,1,43
BRDA:27,1,0,54
BRDA:27,1,1,71
BRDA:33,2,0,0
BRDA:33,2,1,3
BRDA:37,3,0,2
BRDA:37,3,1,1
BRDA:37,4,0,3
BRDA:37,4,1,2
BRDA:37,4,2,2
BRDA:37,4,3,1
BRDA:58,5,0,2
BRDA:58,5,1,230
BRDA:58,6,0,232
BRDA:58,6,1,3
BRDA:64,7,0,230
BRDA:64,7,1,39
BRDA:64,7,2,15
BRDA:66,8,0,18
BRDA:66,8,1,212
BRDA:71,9,0,212
BRDA:71,9,1,45
BRDA:72,10,0,205
BRDA:72,10,1,7
BRDA:75,11,0,18
BRDA:75,11,1,194
BRF:27
BRH:26
end_of_record
TN:
SF:src\toString.js
FN:5,isIdent
FN:9,isIndex
FN:13,formatAccessor
FN:26,toString
FNF:4
FNH:4
FNDA:39,isIdent
FNDA:12,isIndex
FNDA:12,formatAccessor
FNDA:25,toString
DA:1,1
DA:2,1
DA:3,1
DA:6,39
DA:10,12
DA:14,12
DA:15,8
DA:17,4
DA:27,25
DA:28,25
DA:29,39
DA:30,39
DA:31,27
DA:33,12
DA:37,25
LF:15
LH:15
BRDA:10,0,0,12
BRDA:10,0,1,9
BRDA:14,1,0,8
BRDA:14,1,1,4
BRDA:30,2,0,27
BRDA:30,2,1,12
BRDA:31,3,0,9
BRDA:31,3,1,18
BRF:8
BRH:8
end_of_record
