TN:
SF:src\getPathCharType.js
FN:6,getPathCharType
FNF:1
FNH:1
FNDA:228,getPathCharType
DA:7,228
DA:9,205
DA:11,205
DA:18,70
DA:22,3
DA:32,25
DA:36,107
DA:37,79
DA:40,28
DA:42,3
LF:10
LH:10
BRDA:7,0,0,23
BRDA:7,0,1,205
BRDA:11,1,0,21
BRDA:11,1,1,36
BRDA:11,1,2,48
BRDA:11,1,3,54
BRDA:11,1,4,59
BRDA:11,1,5,70
BRDA:11,1,6,1
BRDA:11,1,7,3
BRDA:11,1,8,25
BRDA:11,1,9,25
BRDA:11,1,10,25
BRDA:11,1,11,25
BRDA:11,1,12,25
BRDA:11,1,13,25
BRDA:11,1,14,25
BRDA:11,1,15,25
BRDA:36,2,0,79
BRDA:36,2,1,28
BRDA:36,3,0,107
BRDA:36,3,1,79
BRDA:36,3,2,28
BRDA:36,3,3,1
BRDA:40,4,0,25
BRDA:40,4,1,3
BRDA:40,5,0,28
BRDA:40,5,1,26
BRF:28
BRH:28
end_of_record
TN:
SF:src\index.js
FN:9,noop
FN:11,parsePath
FN:24,(anonymous_2)
FN:31,(anonymous_3)
FN:37,maybeUnescapeQuote
FN:91,parsePathWithCache
FNF:6
FNH:6
FNDA:45,noop
FNDA:35,parsePath
FNDA:44,(anonymous_2)
FNDA:124,(anonymous_3)
FNDA:3,maybeUnescapeQuote
FNDA:41,parsePathWithCache
DA:12,35
DA:13,35
DA:21,35
DA:23,35
DA:25,44
DA:27,43
DA:28,43
DA:32,124
DA:33,71
DA:38,3
DA:40,3
DA:42,3
DA:45,2
DA:47,2
DA:49,2
DA:50,2
DA:53,1
DA:56,35
DA:57,230
DA:59,230
DA:63,230
DA:64,2
DA:67,228
DA:68,228
DA:69,228
DA:71,228
DA:72,17
DA:75,211
DA:76,211
DA:77,211
DA:78,211
DA:80,211
DA:81,18
DA:85,0
DA:89,1
DA:92,41
DA:93,39
DA:96,37
DA:97,37
DA:99,35
DA:100,35
DA:101,35
DA:104,35
LF:43
LH:42
BRDA:25,0,0,1
BRDA:25,0,1,43
BRDA:32,1,0,53
BRDA:32,1,1,71
BRDA:38,2,0,0
BRDA:38,2,1,3
BRDA:42,3,0,2
BRDA:42,3,1,1
BRDA:42,4,0,3
BRDA:42,4,1,2
BRDA:42,4,2,2
BRDA:42,4,3,1
BRDA:63,5,0,2
BRDA:63,5,1,228
BRDA:63,6,0,230
BRDA:63,6,1,3
BRDA:69,7,0,228
BRDA:69,7,1,38
BRDA:69,7,2,14
BRDA:71,8,0,17
BRDA:71,8,1,211
BRDA:76,9,0,211
BRDA:76,9,1,45
BRDA:77,10,0,204
BRDA:77,10,1,7
BRDA:80,11,0,18
BRDA:80,11,1,193
BRDA:92,12,0,2
BRDA:92,12,1,39
BRDA:93,13,0,2
BRDA:93,13,1,37
BRDA:93,14,0,39
BRDA:93,14,1,38
BRDA:97,15,0,2
BRDA:97,15,1,35
BRDA:99,16,0,35
BRDA:99,16,1,0
BRF:37
BRH:35
end_of_record
TN:
SF:src\pathStateMachine.js
FNF:0
FNH:0
LF:0
LH:0
BRF:0
BRH:0
end_of_record
TN:
SF:src\toString.js
FN:5,isIdent
FN:9,isIndex
FN:13,formatAccessor
FN:21,toString
FNF:4
FNH:4
FNDA:38,isIdent
FNDA:12,isIndex
FNDA:12,formatAccessor
FNDA:24,toString
DA:1,1
DA:2,1
DA:3,1
DA:6,38
DA:10,12
DA:14,12
DA:15,8
DA:17,4
DA:22,24
DA:23,24
DA:24,38
DA:25,38
DA:26,26
DA:28,12
DA:32,24
LF:15
LH:15
BRDA:10,0,0,12
BRDA:10,0,1,9
BRDA:14,1,0,8
BRDA:14,1,1,4
BRDA:25,2,0,26
BRDA:25,2,1,12
BRDA:26,3,0,9
BRDA:26,3,1,17
BRF:8
BRH:8
end_of_record
